
[DT_BasePlayer]
AnimTimeMustBeFirst            = 0x0
m_flAnimTime                   = 0x260
m_flSimulationTime             = 0x268
m_cellbits                     = 0x74
m_cellX                        = 0x7C
m_cellY                        = 0x80
m_cellZ                        = 0x84
m_vecOrigin                    = 0x138
m_angRotation                  = 0x12C
m_nModelIndex                  = 0x258
m_fEffects                     = 0xF0
m_nRenderMode                  = 0x25B
m_nRenderFX                    = 0x25A
m_clrRender                    = 0x70
m_iTeamNum                     = 0xF4
m_iPendingTeamNum              = 0xF8
m_CollisionGroup               = 0x474
m_flElasticity                 = 0x300
m_flShadowCastDistance         = 0x3A0
m_hOwnerEntity                 = 0x14C
m_hEffectEntity                = 0x998
moveparent                     = 0x148
m_iParentAttachment            = 0x2EC
m_iName                        = 0x154
movetype                       = 0x0
movecollide                    = 0x0
m_Collision                    = 0x320
m_vecMins                      = 0x328
m_vecMaxs                      = 0x334
m_nSolidType                   = 0x342
m_usSolidFlags                 = 0x340
m_nSurroundType                = 0x34A
m_triggerBloat                 = 0x343
m_vecSpecifiedSurroundingMins  = 0x34C
m_vecSpecifiedSurroundingMaxs  = 0x358
m_iTextureFrameIndex           = 0x98C
m_bSimulatedEveryTick          = 0x93A
m_bAnimatedEveryTick           = 0x93B
m_bAlternateSorting            = 0x93C
m_bSpotted                     = 0x93D
m_bSpottedBy                   = 0x93E
000                            = 0x93E
001                            = 0x93F
002                            = 0x940
003                            = 0x941
004                            = 0x942
005                            = 0x943
006                            = 0x944
007                            = 0x945
008                            = 0x946
009                            = 0x947
010                            = 0x948
011                            = 0x949
012                            = 0x94A
013                            = 0x94B
014                            = 0x94C
015                            = 0x94D
016                            = 0x94E
017                            = 0x94F
018                            = 0x950
019                            = 0x951
020                            = 0x952
021                            = 0x953
022                            = 0x954
023                            = 0x955
024                            = 0x956
025                            = 0x957
026                            = 0x958
027                            = 0x959
028                            = 0x95A
029                            = 0x95B
030                            = 0x95C
031                            = 0x95D
032                            = 0x95E
033                            = 0x95F
034                            = 0x960
035                            = 0x961
036                            = 0x962
037                            = 0x963
038                            = 0x964
039                            = 0x965
040                            = 0x966
041                            = 0x967
042                            = 0x968
043                            = 0x969
044                            = 0x96A
045                            = 0x96B
046                            = 0x96C
047                            = 0x96D
048                            = 0x96E
049                            = 0x96F
050                            = 0x970
051                            = 0x971
052                            = 0x972
053                            = 0x973
054                            = 0x974
055                            = 0x975
056                            = 0x976
057                            = 0x977
058                            = 0x978
059                            = 0x979
060                            = 0x97A
061                            = 0x97B
062                            = 0x97C
063                            = 0x97D
064                            = 0x97E
m_bSpottedByMask               = 0x980
m_bIsAutoaimTarget             = 0x60
m_fadeMinDist                  = 0x2F4
m_fadeMaxDist                  = 0x2F8
m_flFadeScale                  = 0x2FC
m_nMinCPULevel                 = 0x988
m_nMaxCPULevel                 = 0x989
m_nMinGPULevel                 = 0x98A
m_nMaxGPULevel                 = 0x98B
m_flUseLookAtAngle             = 0x2CC
m_flLastMadeNoiseTime          = 0x20
m_flMaxFallVelocity            = 0xDC
m_bEligibleForScreenHighlight  = 0x9B9
m_nSequence                    = 0x28BC
m_nForceBone                   = 0x268C
m_vecForce                     = 0x2680
m_nSkin                        = 0xA1C
m_nBody                        = 0xA20
m_nHitboxSet                   = 0x9FC
m_flModelScale                 = 0x2748
m_flPoseParameter              = 0x2774
m_flPlaybackRate               = 0xA18
m_flEncodedController          = 0xA54
m_bClientSideAnimation         = 0x289C
m_bClientSideFrameReset        = 0x26C0
m_bClientSideRagdoll           = 0x279
m_nNewSequenceParity           = 0xA44
m_nResetEventsParity           = 0xA48
m_nMuzzleFlashParity           = 0xA64
m_hLightingOrigin              = 0x2944
serveranimdata                 = 0x0
m_flCycle                      = 0xA14
m_flFrozen                     = 0x26F8
m_ScaleType                    = 0x274C
m_bSuppressAnimSounds          = 0x294A
m_nHighlightColorR             = 0xA38
m_nHighlightColorG             = 0xA3C
m_nHighlightColorB             = 0xA40
overlay_vars                   = 0x0
m_AnimOverlay                  = 0x0
lengthproxy                    = 0x0
lengthprop15                   = 0x0
m_flPrevCycle                  = 0x1C
m_flWeight                     = 0x20
m_flWeightDeltaRate            = 0x24
m_nOrder                       = 0x14
m_flexWeight                   = 0x2A28
065                            = 0x2B2C
066                            = 0x2B30
067                            = 0x2B34
068                            = 0x2B38
069                            = 0x2B3C
070                            = 0x2B40
071                            = 0x2B44
072                            = 0x2B48
073                            = 0x2B4C
074                            = 0x2B50
075                            = 0x2B54
076                            = 0x2B58
077                            = 0x2B5C
078                            = 0x2B60
079                            = 0x2B64
080                            = 0x2B68
081                            = 0x2B6C
082                            = 0x2B70
083                            = 0x2B74
084                            = 0x2B78
085                            = 0x2B7C
086                            = 0x2B80
087                            = 0x2B84
088                            = 0x2B88
089                            = 0x2B8C
090                            = 0x2B90
091                            = 0x2B94
092                            = 0x2B98
093                            = 0x2B9C
094                            = 0x2BA0
095                            = 0x2BA4
m_blinktoggle                  = 0x2BD4
m_viewtarget                   = 0x29F0
bcc_localdata                  = 0x0
m_flNextAttack                 = 0x2D70
bcc_nonlocaldata               = 0x0
m_hMyWeapons                   = 0x2DF8
m_LastHitGroup                 = 0x2D74
m_hActiveWeapon                = 0x2EF8
m_flTimeOfLastInjury           = 0x2EFC
m_nRelativeDirectionOfLastInjury = 0x2F00
m_hMyWearables                 = 0x2F04
localdata                      = 0x0
m_Local                        = 0x2FBC
m_chAreaBits                   = 0x2FC0
m_chAreaPortalBits             = 0x2FE0
m_iHideHUD                     = 0x3004
m_flFOVRate                    = 0x3000
m_bDucked                      = 0x3044
m_bDucking                     = 0x3045
m_flLastDuckTime               = 0x3048
m_bInDuckJump                  = 0x304C
m_nDuckTimeMsecs               = 0x3008
m_nDuckJumpTimeMsecs           = 0x300C
m_nJumpTimeMsecs               = 0x3010
m_flFallVelocity               = 0x3014
m_viewPunchAngle               = 0x3020
m_aimPunchAngle                = 0x302C
m_aimPunchAngleVel             = 0x3038
m_bDrawViewmodel               = 0x304D
m_bWearingSuit                 = 0x304E
m_bPoisoned                    = 0x304F
m_flStepSize                   = 0x301C
m_bAllowAutoMovement           = 0x3050
m_skybox3d.scale               = 0x30F0
m_skybox3d.origin              = 0x30F4
m_skybox3d.area                = 0x3100
m_skybox3d.fog.enable          = 0x3148
m_skybox3d.fog.blend           = 0x3149
m_skybox3d.fog.dirPrimary      = 0x3108
m_skybox3d.fog.colorPrimary    = 0x3114
m_skybox3d.fog.colorSecondary  = 0x3118
m_skybox3d.fog.start           = 0x3124
m_skybox3d.fog.end             = 0x3128
m_skybox3d.fog.maxdensity      = 0x3130
m_skybox3d.fog.HDRColorScale   = 0x3150
m_audio.localSound[0]          = 0x3158
m_audio.localSound[1]          = 0x3164
m_audio.localSound[2]          = 0x3170
m_audio.localSound[3]          = 0x317C
m_audio.localSound[4]          = 0x3188
m_audio.localSound[5]          = 0x3194
m_audio.localSound[6]          = 0x31A0
m_audio.localSound[7]          = 0x31AC
m_audio.soundscapeIndex        = 0x31B8
m_audio.localBits              = 0x31BC
m_audio.entIndex               = 0x31C0
m_vecViewOffset[0]             = 0x108
m_vecViewOffset[1]             = 0x10C
m_vecViewOffset[2]             = 0x110
m_flFriction                   = 0x144
m_fOnTarget                    = 0x3324
m_nTickBase                    = 0x3430
m_nNextThinkTick               = 0xFC
m_hLastWeapon                  = 0x32F4
m_vecVelocity[0]               = 0x114
m_vecVelocity[1]               = 0x118
m_vecVelocity[2]               = 0x11C
m_vecBaseVelocity              = 0x120
m_hConstraintEntity            = 0x3344
m_vecConstraintCenter          = 0x3348
m_flConstraintRadius           = 0x3354
m_flConstraintWidth            = 0x3358
m_flConstraintSpeedFactor      = 0x335C
m_bConstraintPastRadius        = 0x3360
m_flDeathTime                  = 0x33C4
m_flNextDecalTime              = 0x33C8
m_fForceTeam                   = 0x33CC
m_flLaggedMovementValue        = 0x3594
m_hTonemapController           = 0x31CC
pl                             = 0x31D0
deadflag                       = 0x31D4
m_iFOV                         = 0x31E4
m_iFOVStart                    = 0x31E8
m_flFOVTime                    = 0x3208
m_iDefaultFOV                  = 0x332C
m_hZoomOwner                   = 0x324C
m_afPhysicsFlags               = 0x32EC
m_hVehicle                     = 0x32F0
m_hUseEntity                   = 0x3328
m_hGroundEntity                = 0x150
m_iHealth                      = 0x100
m_lifeState                    = 0x25F
m_iAmmo                        = 0x2D78
m_iBonusProgress               = 0x3240
m_iBonusChallenge              = 0x3244
m_flMaxspeed                   = 0x3248
m_fFlags                       = 0x104
m_iObserverMode                = 0x3378
m_bActiveCameraMan             = 0x337C
m_bCameraManXRay               = 0x337D
m_bCameraManOverview           = 0x337E
m_bCameraManScoreBoard         = 0x337F
m_uCameraManGraphs             = 0x3380
m_iDeathPostEffect             = 0x3374
m_hObserverTarget              = 0x338C
m_hViewModel[0]                = 0x32F8
m_hViewModel                   = 0x0
m_iCoachingTeam                = 0x2F50
m_szLastPlaceName              = 0x35B4
m_vecLadderNormal              = 0x3230
m_ladderSurfaceProps           = 0x3200
m_ubEFNoInterpParity           = 0x35D8
m_hPostProcessCtrl             = 0x37A8
m_hColorCorrectionCtrl         = 0x37AC
m_PlayerFog.m_hCtrl            = 0x37B4
m_vphysicsCollisionState       = 0x325C
m_hViewEntity                  = 0x333C
m_bShouldDrawPlayerWhileUsingViewEntity = 0x3340
m_flDuckAmount                 = 0x2FAC
m_flDuckSpeed                  = 0x2FB0
m_nWaterLevel                  = 0x25E
