
[DT_BaseCombatWeapon]
AnimTimeMustBeFirst            = 0x0
m_flAnimTime                   = 0x260
m_flSimulationTime             = 0x268
m_cellbits                     = 0x74
m_cellX                        = 0x7C
m_cellY                        = 0x80
m_cellZ                        = 0x84
m_vecOrigin                    = 0x138
m_angRotation                  = 0x12C
m_nModelIndex                  = 0x258
m_fEffects                     = 0xF0
m_nRenderMode                  = 0x25B
m_nRenderFX                    = 0x25A
m_clrRender                    = 0x70
m_iTeamNum                     = 0xF4
m_iPendingTeamNum              = 0xF8
m_CollisionGroup               = 0x474
m_flElasticity                 = 0x300
m_flShadowCastDistance         = 0x3A0
m_hOwnerEntity                 = 0x14C
m_hEffectEntity                = 0x998
moveparent                     = 0x148
m_iParentAttachment            = 0x2EC
m_iName                        = 0x154
movetype                       = 0x0
movecollide                    = 0x0
m_Collision                    = 0x320
m_vecMins                      = 0x328
m_vecMaxs                      = 0x334
m_nSolidType                   = 0x342
m_usSolidFlags                 = 0x340
m_nSurroundType                = 0x34A
m_triggerBloat                 = 0x343
m_vecSpecifiedSurroundingMins  = 0x34C
m_vecSpecifiedSurroundingMaxs  = 0x358
m_iTextureFrameIndex           = 0x98C
m_bSimulatedEveryTick          = 0x93A
m_bAnimatedEveryTick           = 0x93B
m_bAlternateSorting            = 0x93C
m_bSpotted                     = 0x93D
m_bSpottedBy                   = 0x93E
000                            = 0x93E
001                            = 0x93F
002                            = 0x940
003                            = 0x941
004                            = 0x942
005                            = 0x943
006                            = 0x944
007                            = 0x945
008                            = 0x946
009                            = 0x947
010                            = 0x948
011                            = 0x949
012                            = 0x94A
013                            = 0x94B
014                            = 0x94C
015                            = 0x94D
016                            = 0x94E
017                            = 0x94F
018                            = 0x950
019                            = 0x951
020                            = 0x952
021                            = 0x953
022                            = 0x954
023                            = 0x955
024                            = 0x956
025                            = 0x957
026                            = 0x958
027                            = 0x959
028                            = 0x95A
029                            = 0x95B
030                            = 0x95C
031                            = 0x95D
032                            = 0x95E
033                            = 0x95F
034                            = 0x960
035                            = 0x961
036                            = 0x962
037                            = 0x963
038                            = 0x964
039                            = 0x965
040                            = 0x966
041                            = 0x967
042                            = 0x968
043                            = 0x969
044                            = 0x96A
045                            = 0x96B
046                            = 0x96C
047                            = 0x96D
048                            = 0x96E
049                            = 0x96F
050                            = 0x970
051                            = 0x971
052                            = 0x972
053                            = 0x973
054                            = 0x974
055                            = 0x975
056                            = 0x976
057                            = 0x977
058                            = 0x978
059                            = 0x979
060                            = 0x97A
061                            = 0x97B
062                            = 0x97C
063                            = 0x97D
064                            = 0x97E
m_bSpottedByMask               = 0x980
m_bIsAutoaimTarget             = 0x60
m_fadeMinDist                  = 0x2F4
m_fadeMaxDist                  = 0x2F8
m_flFadeScale                  = 0x2FC
m_nMinCPULevel                 = 0x988
m_nMaxCPULevel                 = 0x989
m_nMinGPULevel                 = 0x98A
m_nMaxGPULevel                 = 0x98B
m_flUseLookAtAngle             = 0x2CC
m_flLastMadeNoiseTime          = 0x20
m_flMaxFallVelocity            = 0xDC
m_bEligibleForScreenHighlight  = 0x9B9
m_nSequence                    = 0x28BC
m_nForceBone                   = 0x268C
m_vecForce                     = 0x2680
m_nSkin                        = 0xA1C
m_nBody                        = 0xA20
m_nHitboxSet                   = 0x9FC
m_flModelScale                 = 0x2748
m_flPoseParameter              = 0x2774
m_flPlaybackRate               = 0xA18
m_flEncodedController          = 0xA54
m_bClientSideAnimation         = 0x289C
m_bClientSideFrameReset        = 0x26C0
m_bClientSideRagdoll           = 0x279
m_nNewSequenceParity           = 0xA44
m_nResetEventsParity           = 0xA48
m_nMuzzleFlashParity           = 0xA64
m_hLightingOrigin              = 0x2944
serveranimdata                 = 0x0
m_flCycle                      = 0xA14
m_flFrozen                     = 0x26F8
m_ScaleType                    = 0x274C
m_bSuppressAnimSounds          = 0x294A
m_nHighlightColorR             = 0xA38
m_nHighlightColorG             = 0xA3C
m_nHighlightColorB             = 0xA40
overlay_vars                   = 0x0
m_AnimOverlay                  = 0x0
lengthproxy                    = 0x0
lengthprop15                   = 0x0
m_flPrevCycle                  = 0x1C
m_flWeight                     = 0x20
m_flWeightDeltaRate            = 0x24
m_nOrder                       = 0x14
m_flexWeight                   = 0x2A28
065                            = 0x2B2C
066                            = 0x2B30
067                            = 0x2B34
068                            = 0x2B38
069                            = 0x2B3C
070                            = 0x2B40
071                            = 0x2B44
072                            = 0x2B48
073                            = 0x2B4C
074                            = 0x2B50
075                            = 0x2B54
076                            = 0x2B58
077                            = 0x2B5C
078                            = 0x2B60
079                            = 0x2B64
080                            = 0x2B68
081                            = 0x2B6C
082                            = 0x2B70
083                            = 0x2B74
084                            = 0x2B78
085                            = 0x2B7C
086                            = 0x2B80
087                            = 0x2B84
088                            = 0x2B88
089                            = 0x2B8C
090                            = 0x2B90
091                            = 0x2B94
092                            = 0x2B98
093                            = 0x2B9C
094                            = 0x2BA0
095                            = 0x2BA4
m_blinktoggle                  = 0x2BD4
m_viewtarget                   = 0x29F0
m_AttributeManager             = 0x2D80
m_hOuter                       = 0x2D9C
m_ProviderType                 = 0x2DA4
m_iReapplyProvisionParity      = 0x2D98
m_Item                         = 0x2DC0
m_iItemDefinitionIndex         = 0x2FAA
m_iEntityLevel                 = 0x2FB0
m_iItemIDHigh                  = 0x2FC0
m_iItemIDLow                   = 0x2FC4
m_iAccountID                   = 0x2FC8
m_iEntityQuality               = 0x2FAC
m_bInitialized                 = 0x2FD4
m_szCustomName                 = 0x303C
m_NetworkedDynamicAttributesForDemos = 0x3020
m_Attributes                   = 0x3020
lengthprop32                   = 0x3020
m_iAttributeDefinitionIndex    = 0x3024
m_iRawValue32                  = 0x3028
m_flValue                      = 0x3028
m_iRawInitialValue32           = 0x302C
m_nRefundableCurrency          = 0x3030
m_bSetBonus                    = 0x3034
m_OriginalOwnerXuidLow         = 0x31C0
m_OriginalOwnerXuidHigh        = 0x31C4
m_nFallbackPaintKit            = 0x31C8
m_nFallbackSeed                = 0x31CC
m_flFallbackWear               = 0x31D0
m_nFallbackStatTrak            = 0x31D4
LocalWeaponData                = 0x0
m_iPrimaryAmmoType             = 0x325C
m_iSecondaryAmmoType           = 0x3260
m_nViewModelIndex              = 0x3234
m_bFlipViewModel               = 0x32C4
m_iWeaponOrigin                = 0x32C8
m_iWeaponModule                = 0x324C
LocalActiveWeaponData          = 0x0
m_flNextPrimaryAttack          = 0x3238
m_flNextSecondaryAttack        = 0x323C
m_nNextThinkTick               = 0xFC
m_flTimeWeaponIdle             = 0x3274
m_iViewModelIndex              = 0x3240
m_iWorldModelIndex             = 0x3244
m_iWorldDroppedModelIndex      = 0x3248
m_iState                       = 0x3258
m_hOwner                       = 0x3230
m_iClip1                       = 0x3264
m_iClip2                       = 0x3268
m_iPrimaryReserveAmmoCount     = 0x326C
m_iSecondaryReserveAmmoCount   = 0x3270
m_hWeaponWorldModel            = 0x3254
m_iNumEmptyAttacks             = 0x3250
