
[DT_CSPlayer]
AnimTimeMustBeFirst            = 0x0
m_flAnimTime                   = 0x260
m_flSimulationTime             = 0x268
m_cellbits                     = 0x74
m_cellX                        = 0x7C
m_cellY                        = 0x80
m_cellZ                        = 0x84
m_vecOrigin                    = 0x138
m_angRotation                  = 0x12C
m_nModelIndex                  = 0x258
m_fEffects                     = 0xF0
m_nRenderMode                  = 0x25B
m_nRenderFX                    = 0x25A
m_clrRender                    = 0x70
m_iTeamNum                     = 0xF4
m_iPendingTeamNum              = 0xF8
m_CollisionGroup               = 0x474
m_flElasticity                 = 0x300
m_flShadowCastDistance         = 0x3A0
m_hOwnerEntity                 = 0x14C
m_hEffectEntity                = 0x998
moveparent                     = 0x148
m_iParentAttachment            = 0x2EC
m_iName                        = 0x154
movetype                       = 0x0
movecollide                    = 0x0
m_Collision                    = 0x320
m_vecMins                      = 0x328
m_vecMaxs                      = 0x334
m_nSolidType                   = 0x342
m_usSolidFlags                 = 0x340
m_nSurroundType                = 0x34A
m_triggerBloat                 = 0x343
m_vecSpecifiedSurroundingMins  = 0x34C
m_vecSpecifiedSurroundingMaxs  = 0x358
m_iTextureFrameIndex           = 0x98C
m_bSimulatedEveryTick          = 0x93A
m_bAnimatedEveryTick           = 0x93B
m_bAlternateSorting            = 0x93C
m_bSpotted                     = 0x93D
m_bSpottedBy                   = 0x93E
000                            = 0x93E
001                            = 0x93F
002                            = 0x940
003                            = 0x941
004                            = 0x942
005                            = 0x943
006                            = 0x944
007                            = 0x945
008                            = 0x946
009                            = 0x947
010                            = 0x948
011                            = 0x949
012                            = 0x94A
013                            = 0x94B
014                            = 0x94C
015                            = 0x94D
016                            = 0x94E
017                            = 0x94F
018                            = 0x950
019                            = 0x951
020                            = 0x952
021                            = 0x953
022                            = 0x954
023                            = 0x955
024                            = 0x956
025                            = 0x957
026                            = 0x958
027                            = 0x959
028                            = 0x95A
029                            = 0x95B
030                            = 0x95C
031                            = 0x95D
032                            = 0x95E
033                            = 0x95F
034                            = 0x960
035                            = 0x961
036                            = 0x962
037                            = 0x963
038                            = 0x964
039                            = 0x965
040                            = 0x966
041                            = 0x967
042                            = 0x968
043                            = 0x969
044                            = 0x96A
045                            = 0x96B
046                            = 0x96C
047                            = 0x96D
048                            = 0x96E
049                            = 0x96F
050                            = 0x970
051                            = 0x971
052                            = 0x972
053                            = 0x973
054                            = 0x974
055                            = 0x975
056                            = 0x976
057                            = 0x977
058                            = 0x978
059                            = 0x979
060                            = 0x97A
061                            = 0x97B
062                            = 0x97C
063                            = 0x97D
064                            = 0x97E
m_bSpottedByMask               = 0x980
m_bIsAutoaimTarget             = 0x60
m_fadeMinDist                  = 0x2F4
m_fadeMaxDist                  = 0x2F8
m_flFadeScale                  = 0x2FC
m_nMinCPULevel                 = 0x988
m_nMaxCPULevel                 = 0x989
m_nMinGPULevel                 = 0x98A
m_nMaxGPULevel                 = 0x98B
m_flUseLookAtAngle             = 0x2CC
m_flLastMadeNoiseTime          = 0x20
m_flMaxFallVelocity            = 0xDC
m_bEligibleForScreenHighlight  = 0x9B9
m_nSequence                    = 0x28BC
m_nForceBone                   = 0x268C
m_vecForce                     = 0x2680
m_nSkin                        = 0xA1C
m_nBody                        = 0xA20
m_nHitboxSet                   = 0x9FC
m_flModelScale                 = 0x2748
m_flPoseParameter              = 0x2774
m_flPlaybackRate               = 0xA18
m_flEncodedController          = 0xA54
m_bClientSideAnimation         = 0x289C
m_bClientSideFrameReset        = 0x26C0
m_bClientSideRagdoll           = 0x279
m_nNewSequenceParity           = 0xA44
m_nResetEventsParity           = 0xA48
m_nMuzzleFlashParity           = 0xA64
m_hLightingOrigin              = 0x2944
serveranimdata                 = 0x0
m_flCycle                      = 0xA14
m_flFrozen                     = 0x26F8
m_ScaleType                    = 0x274C
m_bSuppressAnimSounds          = 0x294A
m_nHighlightColorR             = 0xA38
m_nHighlightColorG             = 0xA3C
m_nHighlightColorB             = 0xA40
overlay_vars                   = 0x0
m_AnimOverlay                  = 0x0
lengthproxy                    = 0x0
lengthprop15                   = 0x0
m_flPrevCycle                  = 0x1C
m_flWeight                     = 0x20
m_flWeightDeltaRate            = 0x24
m_nOrder                       = 0x14
m_flexWeight                   = 0x2A28
065                            = 0x2B2C
066                            = 0x2B30
067                            = 0x2B34
068                            = 0x2B38
069                            = 0x2B3C
070                            = 0x2B40
071                            = 0x2B44
072                            = 0x2B48
073                            = 0x2B4C
074                            = 0x2B50
075                            = 0x2B54
076                            = 0x2B58
077                            = 0x2B5C
078                            = 0x2B60
079                            = 0x2B64
080                            = 0x2B68
081                            = 0x2B6C
082                            = 0x2B70
083                            = 0x2B74
084                            = 0x2B78
085                            = 0x2B7C
086                            = 0x2B80
087                            = 0x2B84
088                            = 0x2B88
089                            = 0x2B8C
090                            = 0x2B90
091                            = 0x2B94
092                            = 0x2B98
093                            = 0x2B9C
094                            = 0x2BA0
095                            = 0x2BA4
m_blinktoggle                  = 0x2BD4
m_viewtarget                   = 0x29F0
bcc_localdata                  = 0x0
m_flNextAttack                 = 0x2D70
bcc_nonlocaldata               = 0x0
m_hMyWeapons                   = 0x2DF8
m_LastHitGroup                 = 0x2D74
m_hActiveWeapon                = 0x2EF8
m_flTimeOfLastInjury           = 0x2EFC
m_nRelativeDirectionOfLastInjury = 0x2F00
m_hMyWearables                 = 0x2F04
localdata                      = 0x0
m_Local                        = 0x2FBC
m_chAreaBits                   = 0x2FC0
m_chAreaPortalBits             = 0x2FE0
m_iHideHUD                     = 0x3004
m_flFOVRate                    = 0x3000
m_bDucked                      = 0x3044
m_bDucking                     = 0x3045
m_flLastDuckTime               = 0x3048
m_bInDuckJump                  = 0x304C
m_nDuckTimeMsecs               = 0x3008
m_nDuckJumpTimeMsecs           = 0x300C
m_nJumpTimeMsecs               = 0x3010
m_flFallVelocity               = 0x3014
m_viewPunchAngle               = 0x3020
m_aimPunchAngle                = 0x302C
m_aimPunchAngleVel             = 0x3038
m_bDrawViewmodel               = 0x304D
m_bWearingSuit                 = 0x304E
m_bPoisoned                    = 0x304F
m_flStepSize                   = 0x301C
m_bAllowAutoMovement           = 0x3050
m_skybox3d.scale               = 0x30F0
m_skybox3d.origin              = 0x30F4
m_skybox3d.area                = 0x3100
m_skybox3d.fog.enable          = 0x3148
m_skybox3d.fog.blend           = 0x3149
m_skybox3d.fog.dirPrimary      = 0x3108
m_skybox3d.fog.colorPrimary    = 0x3114
m_skybox3d.fog.colorSecondary  = 0x3118
m_skybox3d.fog.start           = 0x3124
m_skybox3d.fog.end             = 0x3128
m_skybox3d.fog.maxdensity      = 0x3130
m_skybox3d.fog.HDRColorScale   = 0x3150
m_audio.localSound[0]          = 0x3158
m_audio.localSound[1]          = 0x3164
m_audio.localSound[2]          = 0x3170
m_audio.localSound[3]          = 0x317C
m_audio.localSound[4]          = 0x3188
m_audio.localSound[5]          = 0x3194
m_audio.localSound[6]          = 0x31A0
m_audio.localSound[7]          = 0x31AC
m_audio.soundscapeIndex        = 0x31B8
m_audio.localBits              = 0x31BC
m_audio.entIndex               = 0x31C0
m_vecViewOffset[0]             = 0x108
m_vecViewOffset[1]             = 0x10C
m_vecViewOffset[2]             = 0x110
m_flFriction                   = 0x144
m_fOnTarget                    = 0x3324
m_nTickBase                    = 0x3430
m_nNextThinkTick               = 0xFC
m_hLastWeapon                  = 0x32F4
m_vecVelocity[0]               = 0x114
m_vecVelocity[1]               = 0x118
m_vecVelocity[2]               = 0x11C
m_vecBaseVelocity              = 0x120
m_hConstraintEntity            = 0x3344
m_vecConstraintCenter          = 0x3348
m_flConstraintRadius           = 0x3354
m_flConstraintWidth            = 0x3358
m_flConstraintSpeedFactor      = 0x335C
m_bConstraintPastRadius        = 0x3360
m_flDeathTime                  = 0x33C4
m_flNextDecalTime              = 0x33C8
m_fForceTeam                   = 0x33CC
m_flLaggedMovementValue        = 0x3594
m_hTonemapController           = 0x31CC
pl                             = 0x31D0
deadflag                       = 0x31D4
m_iFOV                         = 0x31E4
m_iFOVStart                    = 0x31E8
m_flFOVTime                    = 0x3208
m_iDefaultFOV                  = 0x332C
m_hZoomOwner                   = 0x324C
m_afPhysicsFlags               = 0x32EC
m_hVehicle                     = 0x32F0
m_hUseEntity                   = 0x3328
m_hGroundEntity                = 0x150
m_iHealth                      = 0x100
m_lifeState                    = 0x25F
m_iAmmo                        = 0x2D78
m_iBonusProgress               = 0x3240
m_iBonusChallenge              = 0x3244
m_flMaxspeed                   = 0x3248
m_fFlags                       = 0x104
m_iObserverMode                = 0x3378
m_bActiveCameraMan             = 0x337C
m_bCameraManXRay               = 0x337D
m_bCameraManOverview           = 0x337E
m_bCameraManScoreBoard         = 0x337F
m_uCameraManGraphs             = 0x3380
m_iDeathPostEffect             = 0x3374
m_hObserverTarget              = 0x338C
m_hViewModel[0]                = 0x32F8
m_hViewModel                   = 0x0
m_iCoachingTeam                = 0x2F50
m_szLastPlaceName              = 0x35B4
m_vecLadderNormal              = 0x3230
m_ladderSurfaceProps           = 0x3200
m_ubEFNoInterpParity           = 0x35D8
m_hPostProcessCtrl             = 0x37A8
m_hColorCorrectionCtrl         = 0x37AC
m_PlayerFog.m_hCtrl            = 0x37B4
m_vphysicsCollisionState       = 0x325C
m_hViewEntity                  = 0x333C
m_bShouldDrawPlayerWhileUsingViewEntity = 0x3340
m_flDuckAmount                 = 0x2FAC
m_flDuckSpeed                  = 0x2FB0
m_nWaterLevel                  = 0x25E
cslocaldata                    = 0x0
m_vecOrigin[2]                 = 0x140
m_flStamina                    = 0xA388
m_iDirection                   = 0xA38C
m_iShotsFired                  = 0xA390
m_nNumFastDucks                = 0xA394
m_bDuckOverride                = 0xA398
m_flVelocityModifier           = 0xA39C
m_bPlayerDominated             = 0xB494
m_bPlayerDominatingMe          = 0xB4D5
m_iWeaponPurchasesThisRound    = 0xB518
096                            = 0xB698
097                            = 0xB69C
098                            = 0xB6A0
099                            = 0xB6A4
100                            = 0xB6A8
101                            = 0xB6AC
102                            = 0xB6B0
103                            = 0xB6B4
104                            = 0xB6B8
105                            = 0xB6BC
106                            = 0xB6C0
107                            = 0xB6C4
108                            = 0xB6C8
109                            = 0xB6CC
110                            = 0xB6D0
111                            = 0xB6D4
112                            = 0xB6D8
113                            = 0xB6DC
114                            = 0xB6E0
115                            = 0xB6E4
116                            = 0xB6E8
117                            = 0xB6EC
118                            = 0xB6F0
119                            = 0xB6F4
120                            = 0xB6F8
121                            = 0xB6FC
122                            = 0xB700
123                            = 0xB704
124                            = 0xB708
125                            = 0xB70C
126                            = 0xB710
127                            = 0xB714
128                            = 0xB718
129                            = 0xB71C
130                            = 0xB720
131                            = 0xB724
132                            = 0xB728
133                            = 0xB72C
134                            = 0xB730
135                            = 0xB734
136                            = 0xB738
137                            = 0xB73C
138                            = 0xB740
139                            = 0xB744
140                            = 0xB748
141                            = 0xB74C
142                            = 0xB750
143                            = 0xB754
144                            = 0xB758
145                            = 0xB75C
146                            = 0xB760
147                            = 0xB764
148                            = 0xB768
149                            = 0xB76C
150                            = 0xB770
151                            = 0xB774
152                            = 0xB778
153                            = 0xB77C
154                            = 0xB780
155                            = 0xB784
156                            = 0xB788
157                            = 0xB78C
158                            = 0xB790
159                            = 0xB794
160                            = 0xB798
161                            = 0xB79C
162                            = 0xB7A0
163                            = 0xB7A4
164                            = 0xB7A8
165                            = 0xB7AC
166                            = 0xB7B0
167                            = 0xB7B4
168                            = 0xB7B8
169                            = 0xB7BC
170                            = 0xB7C0
171                            = 0xB7C4
172                            = 0xB7C8
173                            = 0xB7CC
174                            = 0xB7D0
175                            = 0xB7D4
176                            = 0xB7D8
177                            = 0xB7DC
178                            = 0xB7E0
179                            = 0xB7E4
180                            = 0xB7E8
181                            = 0xB7EC
182                            = 0xB7F0
183                            = 0xB7F4
184                            = 0xB7F8
185                            = 0xB7FC
186                            = 0xB800
187                            = 0xB804
188                            = 0xB808
189                            = 0xB80C
190                            = 0xB810
191                            = 0xB814
192                            = 0xB818
193                            = 0xB81C
194                            = 0xB820
195                            = 0xB824
196                            = 0xB828
197                            = 0xB82C
198                            = 0xB830
199                            = 0xB834
200                            = 0xB838
201                            = 0xB83C
202                            = 0xB840
203                            = 0xB844
204                            = 0xB848
205                            = 0xB84C
206                            = 0xB850
207                            = 0xB854
208                            = 0xB858
209                            = 0xB85C
210                            = 0xB860
211                            = 0xB864
212                            = 0xB868
213                            = 0xB86C
214                            = 0xB870
215                            = 0xB874
216                            = 0xB878
217                            = 0xB87C
218                            = 0xB880
219                            = 0xB884
220                            = 0xB888
221                            = 0xB88C
222                            = 0xB890
223                            = 0xB894
224                            = 0xB898
225                            = 0xB89C
226                            = 0xB8A0
227                            = 0xB8A4
228                            = 0xB8A8
229                            = 0xB8AC
230                            = 0xB8B0
231                            = 0xB8B4
232                            = 0xB8B8
233                            = 0xB8BC
234                            = 0xB8C0
235                            = 0xB8C4
236                            = 0xB8C8
237                            = 0xB8CC
238                            = 0xB8D0
239                            = 0xB8D4
240                            = 0xB8D8
241                            = 0xB8DC
242                            = 0xB8E0
243                            = 0xB8E4
244                            = 0xB8E8
245                            = 0xB8EC
246                            = 0xB8F0
247                            = 0xB8F4
248                            = 0xB8F8
249                            = 0xB8FC
250                            = 0xB900
251                            = 0xB904
252                            = 0xB908
253                            = 0xB90C
254                            = 0xB910
255                            = 0xB914
m_unActiveQuestId              = 0xB328
m_nQuestProgressReason         = 0xB32C
csnonlocaldata                 = 0x0
csteamdata                     = 0x0
m_iWeaponPurchasesThisMatch    = 0xAA7C
256                            = 0xAE7C
257                            = 0xAE80
258                            = 0xAE84
259                            = 0xAE88
260                            = 0xAE8C
261                            = 0xAE90
262                            = 0xAE94
263                            = 0xAE98
264                            = 0xAE9C
265                            = 0xAEA0
266                            = 0xAEA4
267                            = 0xAEA8
268                            = 0xAEAC
269                            = 0xAEB0
270                            = 0xAEB4
271                            = 0xAEB8
272                            = 0xAEBC
273                            = 0xAEC0
274                            = 0xAEC4
275                            = 0xAEC8
276                            = 0xAECC
277                            = 0xAED0
278                            = 0xAED4
279                            = 0xAED8
280                            = 0xAEDC
281                            = 0xAEE0
282                            = 0xAEE4
283                            = 0xAEE8
284                            = 0xAEEC
285                            = 0xAEF0
286                            = 0xAEF4
287                            = 0xAEF8
288                            = 0xAEFC
289                            = 0xAF00
290                            = 0xAF04
291                            = 0xAF08
292                            = 0xAF0C
293                            = 0xAF10
294                            = 0xAF14
295                            = 0xAF18
296                            = 0xAF1C
297                            = 0xAF20
298                            = 0xAF24
299                            = 0xAF28
300                            = 0xAF2C
301                            = 0xAF30
302                            = 0xAF34
303                            = 0xAF38
304                            = 0xAF3C
305                            = 0xAF40
306                            = 0xAF44
307                            = 0xAF48
308                            = 0xAF4C
309                            = 0xAF50
310                            = 0xAF54
311                            = 0xAF58
312                            = 0xAF5C
313                            = 0xAF60
314                            = 0xAF64
315                            = 0xAF68
316                            = 0xAF6C
317                            = 0xAF70
318                            = 0xAF74
319                            = 0xAF78
320                            = 0xAF7C
321                            = 0xAF80
322                            = 0xAF84
323                            = 0xAF88
324                            = 0xAF8C
325                            = 0xAF90
326                            = 0xAF94
327                            = 0xAF98
328                            = 0xAF9C
329                            = 0xAFA0
330                            = 0xAFA4
331                            = 0xAFA8
332                            = 0xAFAC
333                            = 0xAFB0
334                            = 0xAFB4
335                            = 0xAFB8
336                            = 0xAFBC
337                            = 0xAFC0
338                            = 0xAFC4
339                            = 0xAFC8
340                            = 0xAFCC
341                            = 0xAFD0
342                            = 0xAFD4
343                            = 0xAFD8
344                            = 0xAFDC
345                            = 0xAFE0
346                            = 0xAFE4
347                            = 0xAFE8
348                            = 0xAFEC
349                            = 0xAFF0
350                            = 0xAFF4
351                            = 0xAFF8
352                            = 0xAFFC
353                            = 0xB000
354                            = 0xB004
355                            = 0xB008
356                            = 0xB00C
357                            = 0xB010
358                            = 0xB014
359                            = 0xB018
360                            = 0xB01C
361                            = 0xB020
362                            = 0xB024
363                            = 0xB028
364                            = 0xB02C
365                            = 0xB030
366                            = 0xB034
367                            = 0xB038
368                            = 0xB03C
369                            = 0xB040
370                            = 0xB044
371                            = 0xB048
372                            = 0xB04C
373                            = 0xB050
374                            = 0xB054
375                            = 0xB058
376                            = 0xB05C
377                            = 0xB060
378                            = 0xB064
379                            = 0xB068
380                            = 0xB06C
381                            = 0xB070
382                            = 0xB074
383                            = 0xB078
384                            = 0xB07C
385                            = 0xB080
386                            = 0xB084
387                            = 0xB088
388                            = 0xB08C
389                            = 0xB090
390                            = 0xB094
391                            = 0xB098
392                            = 0xB09C
393                            = 0xB0A0
394                            = 0xB0A4
395                            = 0xB0A8
396                            = 0xB0AC
397                            = 0xB0B0
398                            = 0xB0B4
399                            = 0xB0B8
400                            = 0xB0BC
401                            = 0xB0C0
402                            = 0xB0C4
403                            = 0xB0C8
404                            = 0xB0CC
405                            = 0xB0D0
406                            = 0xB0D4
407                            = 0xB0D8
408                            = 0xB0DC
409                            = 0xB0E0
410                            = 0xB0E4
411                            = 0xB0E8
412                            = 0xB0EC
413                            = 0xB0F0
414                            = 0xB0F4
415                            = 0xB0F8
416                            = 0xB0FC
417                            = 0xB100
418                            = 0xB104
419                            = 0xB108
420                            = 0xB10C
421                            = 0xB110
422                            = 0xB114
423                            = 0xB118
424                            = 0xB11C
425                            = 0xB120
426                            = 0xB124
427                            = 0xB128
428                            = 0xB12C
429                            = 0xB130
430                            = 0xB134
431                            = 0xB138
432                            = 0xB13C
433                            = 0xB140
434                            = 0xB144
435                            = 0xB148
436                            = 0xB14C
437                            = 0xB150
438                            = 0xB154
439                            = 0xB158
440                            = 0xB15C
441                            = 0xB160
442                            = 0xB164
443                            = 0xB168
444                            = 0xB16C
445                            = 0xB170
446                            = 0xB174
447                            = 0xB178
448                            = 0xB17C
449                            = 0xB180
450                            = 0xB184
451                            = 0xB188
452                            = 0xB18C
453                            = 0xB190
454                            = 0xB194
455                            = 0xB198
456                            = 0xB19C
457                            = 0xB1A0
458                            = 0xB1A4
459                            = 0xB1A8
460                            = 0xB1AC
461                            = 0xB1B0
462                            = 0xB1B4
463                            = 0xB1B8
464                            = 0xB1BC
465                            = 0xB1C0
466                            = 0xB1C4
467                            = 0xB1C8
468                            = 0xB1CC
469                            = 0xB1D0
470                            = 0xB1D4
471                            = 0xB1D8
472                            = 0xB1DC
473                            = 0xB1E0
474                            = 0xB1E4
475                            = 0xB1E8
476                            = 0xB1EC
477                            = 0xB1F0
478                            = 0xB1F4
479                            = 0xB1F8
480                            = 0xB1FC
481                            = 0xB200
482                            = 0xB204
483                            = 0xB208
484                            = 0xB20C
485                            = 0xB210
486                            = 0xB214
487                            = 0xB218
488                            = 0xB21C
489                            = 0xB220
490                            = 0xB224
491                            = 0xB228
492                            = 0xB22C
493                            = 0xB230
494                            = 0xB234
495                            = 0xB238
496                            = 0xB23C
497                            = 0xB240
498                            = 0xB244
m_EquippedLoadoutItemDefIndices = 0xB254
m_angEyeAngles[0]              = 0xB37C
m_angEyeAngles[1]              = 0xB380
m_iAddonBits                   = 0xA374
m_iPrimaryAddon                = 0xA378
m_iSecondaryAddon              = 0xA37C
m_iThrowGrenadeCounter         = 0x396C
m_bWaitForNoAttack             = 0x3970
m_bIsRespawningForDMBonus      = 0x3971
m_iPlayerState                 = 0x392C
m_iAccount                     = 0xB364
m_iStartAccount                = 0xA3A4
m_totalHitsOnServer            = 0xA3A8
m_bInBombZone                  = 0x3968
m_bInBuyZone                   = 0x3969
m_bInNoDefuseArea              = 0x396A
m_bKilledByTaser               = 0x3981
m_iMoveState                   = 0x3984
m_iClass                       = 0xB374
m_ArmorValue                   = 0xB378
m_angEyeAngles                 = 0xB37C
m_bHasDefuser                  = 0xB388
m_bNightVisionOn               = 0xA399
m_bHasNightVision              = 0xA39A
m_bInHostageRescueZone         = 0xB389
m_bIsDefusing                  = 0x3930
m_bIsGrabbingHostage           = 0x3931
m_iBlockingUseActionInProgress = 0x3934
m_bIsScoped                    = 0x3928
m_bIsWalking                   = 0x3929
m_nIsAutoMounting              = 0x3A98
m_bResumeZoom                  = 0x392A
m_fImmuneToGunGameDamageTime   = 0x393C
m_bGunGameImmunity             = 0x3944
m_bHasMovedSinceSpawn          = 0x3945
m_bMadeFinalGunGameProgressiveKill = 0x3946
m_iGunGameProgressiveWeaponIndex = 0x3948
m_iNumGunGameTRKillPoints      = 0x394C
m_iNumGunGameKillsWithCurrentWeapon = 0x3950
m_iNumRoundKills               = 0x3954
m_fMolotovUseTime              = 0x3960
m_fMolotovDamageTime           = 0x3964
m_szArmsModel                  = 0x398B
m_hCarriedHostage              = 0xA3F8
m_hCarriedHostageProp          = 0xA3FC
m_bIsRescuing                  = 0x3938
m_flGroundAccelLinearFracLastTime = 0xA3A0
m_bCanMoveDuringFreezePeriod   = 0x3988
m_isCurrentGunGameLeader       = 0x3989
m_isCurrentGunGameTeamLeader   = 0x398A
m_flGuardianTooFarDistFrac     = 0x3974
m_flDetectedByEnemySensorTime  = 0x3978
m_bIsPlayerGhost               = 0x3A95
m_iMatchStats_Kills            = 0xA464
m_iMatchStats_Damage           = 0xA4DC
m_iMatchStats_EquipmentValue   = 0xA554
m_iMatchStats_MoneySaved       = 0xA5CC
m_iMatchStats_KillReward       = 0xA644
m_iMatchStats_LiveTime         = 0xA6BC
m_iMatchStats_Deaths           = 0xA734
m_iMatchStats_Assists          = 0xA7AC
m_iMatchStats_HeadShotKills    = 0xA824
m_iMatchStats_Objective        = 0xA89C
m_iMatchStats_CashEarned       = 0xA914
m_iMatchStats_UtilityDamage    = 0xA98C
m_iMatchStats_EnemiesFlashed   = 0xAA04
m_rank                         = 0xB338
m_passiveItems                 = 0xB350
m_bHasParachute                = 0xB350
m_unMusicID                    = 0xB354
m_bHasHelmet                   = 0xB36C
m_bHasHeavyArmor               = 0xB36D
m_nHeavyAssaultSuitCooldownRemaining = 0xB370
m_flFlashDuration              = 0xA420
m_flFlashMaxAlpha              = 0xA41C
m_iProgressBarDuration         = 0xA380
m_flProgressBarStartTime       = 0xA384
m_hRagdoll                     = 0xA3EC
m_hPlayerPing                  = 0xA3F0
m_cycleLatch                   = 0xB48C
m_unCurrentEquipmentValue      = 0xB330
m_unRoundStartEquipmentValue   = 0xB332
m_unFreezetimeEndEquipmentValue = 0xB334
m_bIsControllingBot            = 0xB9F9
m_bHasControlledBotThisRound   = 0xBA08
m_bCanControlObservedBot       = 0xB9FA
m_iControlledBotEntIndex       = 0xB9FC
m_vecAutomoveTargetEnd         = 0x3AA8
m_flAutoMoveStartTime          = 0x3AB8
m_flAutoMoveTargetTime         = 0x3ABC
m_bIsAssassinationTarget       = 0xB9F8
m_bHud_MiniScoreHidden         = 0xB3AA
m_bHud_RadarHidden             = 0xB3AB
m_nLastKillerIndex             = 0xB3AC
m_nLastConcurrentKilled        = 0xB3B0
m_nDeathCamMusic               = 0xB3B4
m_bIsHoldingLookAtWeapon       = 0xB921
m_bIsLookingAtWeapon           = 0xB920
m_iNumRoundKillsHeadshots      = 0x3958
m_unTotalRoundDamageDealt      = 0x395C
m_flLowerBodyYawTarget         = 0x3A90
m_bStrafing                    = 0x3A94
m_flThirdpersonRecoil          = 0xB998
m_bHideTargetID                = 0xB99C
m_bIsSpawnRappelling           = 0xA3AD
m_vecSpawnRappellingRopeOrigin = 0xA3B0
m_nSurvivalTeam                = 0xA3C0
m_hSurvivalAssassinationTarget = 0xA3C4
m_flHealthShotBoostExpirationTime = 0xA3C8
m_flLastExoJumpTime            = 0x3AC0
m_vecPlayerPatchEconIndices    = 0xB970